1571661308162	mozrunner::runner	INFO	Running command: "C:\\Program Files (x86)\\Mozilla Firefox\\firefox.exe" "-marionette" "-foreground" "-no-remote" "-profile" "C:\\Users\\HP\\AppData\\Local\\Temp\\rust_mozprofileAkH3Im"
1571661310417	addons.webextension.screenshots@mozilla.org	WARN	Loading extension 'screenshots@mozilla.org': Reading manifest: Invalid extension permission: mozillaAddons
1571661310417	addons.webextension.screenshots@mozilla.org	WARN	Loading extension 'screenshots@mozilla.org': Reading manifest: Invalid extension permission: telemetry
1571661310417	addons.webextension.screenshots@mozilla.org	WARN	Loading extension 'screenshots@mozilla.org': Reading manifest: Invalid extension permission: resource://pdf.js/
1571661310418	addons.webextension.screenshots@mozilla.org	WARN	Loading extension 'screenshots@mozilla.org': Reading manifest: Invalid extension permission: about:reader*
JavaScript error: resource://gre/modules/XULStore.jsm, line 66: Error: Can't find profile directory.
1571661315562	Marionette	INFO	Listening on port 3841
1571661315611	Marionette	WARN	TLS certificate errors will be ignored for this session
[Child 4808, Chrome_ChildThread] WARNING: pipe error: 109: file z:/task_1570643041/build/src/ipc/chromium/src/chrome/common/ipc_channel_win.cc, line 341
1571661320133	Marionette	INFO	Stopped listening on port 3841
[Child 20368, Chrome_ChildThread] WARNING: pipe error: 109: file z:/task_1570643041/build/src/ipc/chromium/src/chrome/common/ipc_channel_win.cc, line 341
[Child 20368, Chrome_ChildThread] WARNING: pipe error: 109: file z:/task_1570643041/build/src/[Child 18764, Chrome_ChildThread] WARNING: pipe error: 109: file z:/task_1570643041/build/src/ipc/chromium/src/chrome/common/ipc_channel_win.cc, line 341
[GPU 148
###!!! [Child][RunMessage] Error: Channel closing: too late to send/recv, messages will be lost

92, Chrome_ChildTh1571662599016	mozrunner::runner	INFO	Running command: "C:\\Program Files (x86)\\Mozilla Firefox\\firefox.exe" "-marionette" "-foreground" "-no-remote" "-profile" "C:\\Users\\HP\\AppData\\Local\\Temp\\rust_mozprofile46VrOw"
1571662601177	addons.webextension.screenshots@mozilla.org	WARN	Loading extension 'screenshots@mozilla.org': Reading manifest: Invalid extension permission: mozillaAddons
1571662601181	addons.webextension.screenshots@mozilla.org	WARN	Loading extension 'screenshots@mozilla.org': Reading manifest: Invalid extension permission: telemetry
1571662601181	addons.webextension.screenshots@mozilla.org	WARN	Loading extension 'screenshots@mozilla.org': Reading manifest: Invalid extension permission: resource://pdf.js/
1571662601182	addons.webextension.screenshots@mozilla.org	WARN	Loading extension 'screenshots@mozilla.org': Reading manifest: Invalid extension permission: about:reader*
JavaScript error: resource://gre/modules/XULStore.jsm, line 66: Error: Can't find profile directory.
1571662608001	Marionette	INFO	Listening on port 5569
1571662608438	Marionette	WARN	TLS certificate errors will be ignored for this session
[Child 18500, Chrome_ChildThread] WARNING: pipe error: 109: file z:/task_1570643041/build/src/ipc/chromium/src/chrome/common/ipc_channel_win.cc, line 341
JavaScript warning: https://n.sinaimg.cn/index/js/shms2.js?v=20190927, line 289: unreachable code after return statement
[Child 11120, Chrome_ChildThread] WARNING: pipe error: 109: file z:/task_1570643041/build/src/ipc/chromium/src/chrome/common/ipc_channel_win.cc, line 341
[Child 11120, Chrome_ChildThread] WARNING: pipe error: 109: file z:/task_1570643041/build/src/ipc/chromium/src/chrome/common/ipc_channel_win.cc, line 341
[Child 1844, Chrome_ChildThread] WARNING: pipe error: 232: file z:/task_1570643041/build/src/ipc/chromium/src/chrome/common/ipc_channel_win.cc, line 502
[Child 1844, Chrome_ChildThread] WARNING: pipe error: 109
###!!! [Child][MessageChannel] Error: (msgtype=0x610027,name=PNecko::Msg_RemoveRequestContext) Channel closing: too late to send/recv, messages will be lost

: file z:/task_1570643041/build/sr
###!!! [Child][RunMessage] Error: Channel closing: too late to send/recv, messages will be lost

c/ipc/chromium/src/chrome/common/ipc_channel_w
###!!! [Child][RunMessage] Error: Channel closing: too late to send/recv, messages will be lost

i
###!!! [Child][RunMessage] Error: Channel closing: too late to send/recv, messages will be lost

n.cc, line 341

###!!! [Child][RunMessage] Error: Channel closing: too late to send/recv, messages will be lost


###!!! [Child][RunMessage] Error: Channel closing: too late to send/recv, messages will be lost


###!!! [Child][RunMessage] Error: Channel closing: too late to send/recv, messages will be lost


###!!! [Child][RunMessage] Error: Channel closing: too late to send/recv, messages will be lost


###!!! [Child][MessageChannel] Error: (msgtype=0x3600C0,name=PContent::Msg_ScriptError) Channel closing: too late to send/recv, messages will be lost


###!!! [Child][RunMessage] Error: Channel closing: too late to send/recv, messages will be lost


###!!! [Child][RunMessage] Error: Channel closing: too late to send/recv, messages will be lost


###!!! [Child][RunMessage] Error: Channel closing: too late to send/recv, messages will be lost


###!!! [Child][RunMessage] Error: Channel closing: too late to send/recv, messages will be lost


###!!! [Child][MessageChannel] Error: (msgtype=0x3600C0,name=PContent::Msg_ScriptError) Channel closing: too late to send/recv, messages will be lost


###!!! [Child][MessageChannel] Error: (msgtype=0x3600C0,name=PContent::Msg_ScriptError) Channel closing: too late to send/recv, messages will be lost

1571662620409	Marionette	INFO	Stopped listening on port 5569

###!!! [Child][RunMessage] Error: Channel closing: too late to send/recv, messages will be lost


###!!! [Child][MessageChannel::SendAndWait] Error: Channel error: cannot send/recv

