1571573763263	mozrunner::runner	INFO	Running command: "C:\\Program Files (x86)\\Mozilla Firefox\\firefox.exe" "-marionette" "-foreground" "-no-remote" "-profile" "C:\\Users\\HP\\AppData\\Local\\Temp\\rust_mozprofile60wySx"
1571573824219	mozrunner::runner	INFO	Running command: "C:\\Program Files (x86)\\Mozilla Firefox\\firefox.exe" "-marionette" "-foreground" "-no-remote" "-profile" "C:\\Users\\HP\\AppData\\Local\\Temp\\rust_mozprofileEjqkaU"
1571573827205	addons.webextension.screenshots@mozilla.org	WARN	Loading extension 'screenshots@mozilla.org': Reading manifest: Invalid extension permission: mozillaAddons
1571573827205	addons.webextension.screenshots@mozilla.org	WARN	Loading extension 'screenshots@mozilla.org': Reading manifest: Invalid extension permission: telemetry
1571573827206	addons.webextension.screenshots@mozilla.org	WARN	Loading extension 'screenshots@mozilla.org': Reading manifest: Invalid extension permission: resource://pdf.js/
1571573827206	addons.webextension.screenshots@mozilla.org	WARN	Loading extension 'screenshots@mozilla.org': Reading manifest: Invalid extension permission: about:reader*
JavaScript error: resource://gre/modules/XULStore.jsm, line 66: Error: Can't find profile directory.
1571573840338	Marionette	INFO	Listening on port 4941
1571573840866	Marionette	WARN	TLS certificate errors will be ignored for this session
A content process crashed and MOZ_CRASHREPORTER_SHUTDOWN is set, shutting down
[Child 19360, Chrome_ChildThread] WARNING: pipe error: 109: file z:/task_1570643041/build/src/ipc/chromium/src/chrome/common/ipc_channel_win.cc, line 341
[Child 19360, Chrome_ChildThread] WARNING: pipe error: 109: file z:/task_1570643041/build/src/ipc/chromium/src/chrome/common/ipc_channel_win.cc, line 341
[Parent 19112, Gecko_IOThread] WARNING: pipe error: 232: file z:/task_1570643041/build/src/ipc/chromium/src/chrome/common/ipc_channel_win.cc, line 502
A content process crashed and MOZ_CRASHREPORTER_SHUTDOWN is set, shutting down

###!!! [Child][MessageChannel] Error: (msgtype=0x36011A,name=PContent::Msg_AsyncMessage) Channel closing: too late to send/recv, messages will be lost

JavaScript error: chrome://global/content/process-content.js, line 78: NS_ERROR_UNEXPECTED: 

###!!! [Child][RunMessage] Error: Channel closing: too late to send/recv, messages will be lost


###!!! [Child][MessageChannel] Error: (msgtype=0x1D0001,name=PBrowser::Msg_AsyncMessage) Channel closing: too late to send/recv, messages will be lost

JavaScript error: chrome://global/content/process-content.js, line 78: NS_ERROR_UNEXPECTED: 

###!!! [Child][MessageChannel] Error: (msgtype=0x610026,name=PNecko::Msg_RequestContextAfterDOMContentLoaded) Channel closing: too late to send/recv, messages will be lost


###!!! [Child][MessageChannel] Error: (msgtype=0x36011E,name=PContent::Msg_DetachBrowsingContext) Closed channel: cannot send/recv

1571573848420	Marionette	INFO	Stopped listening on port 4941

###!!! [Child][RunMessage] Error: Channel closing: too late to send/recv, messages will be lost

[GPU 19412, Chrome_ChildThread] WARNING: pipe error
###!!! [Child][MessageChannel::SendAndWait] Error: Channel error: cannot send/recv

1571573901063	mozrunner::runner	INFO	Running command: "C:\\Program Files (x86)\\Mozilla Firefox\\firefox.exe" "-marionette" "-foreground" "-no-remote" "-profile" "C:\\Users\\HP\\AppData\\Local\\Temp\\rust_mozprofilevYLHor"
1571573902909	addons.webextension.screenshots@mozilla.org	WARN	Loading extension 'screenshots@mozilla.org': Reading manifest: Invalid extension permission: mozillaAddons
1571573902909	addons.webextension.screenshots@mozilla.org	WARN	Loading extension 'screenshots@mozilla.org': Reading manifest: Invalid extension permission: telemetry
1571573902910	addons.webextension.screenshots@mozilla.org	WARN	Loading extension 'screenshots@mozilla.org': Reading manifest: Invalid extension permission: resource://pdf.js/
1571573902910	addons.webextension.screenshots@mozilla.org	WARN	Loading extension 'screenshots@mozilla.org': Reading manifest: Invalid extension permission: about:reader*
JavaScript error: resource://gre/modules/XULStore.jsm, line 66: Error: Can't find profile directory.
1571573908952	Marionette	INFO	Listening on port 5034
1571573909533	Marionette	WARN	TLS certificate errors will be ignored for this session
[Child 19884, Chrome_ChildThread] WARNING: pipe error: 109: file z:/task_1570643041/build/src/ipc/chromium/src/chrome/common/ipc_channel_win.cc, line 341
[Child1571573914366	Marionette	INFO	Stopped listening on port 5034
[Child 19208, Chrome_ChildThread] WARNING: pipe error: 109: file z:/task_1570643041/build/src/ipc/chromium/src/chrome/common/ipc_channel_win.cc, line 341
[Child 19208, Chrome_ChildThread] WARNING: pipe error: 109: file z:/task_1570643041/build/src/ipc/chromium/src/chrome/common/ipc_channel_win.cc, line 341
[Child 18556, Chrome_ChildThread] WARNING: pipe error: 109: file z:/task_1570643041/build/src/ipc/chromium/src/chrome/common/ipc_channel_win.cc, line 341
[Parent 16928, Gecko_IOThread] WARNING: pipe error: 109: file z:/task_1570643041/build/src/ipc/chromium/src/chrome/common/ipc_channel_win.cc, line 341

###!!! [Child][RunMessage] Error: Channel closing: too late to send/recv, messages will be lost

[GPU 18540, Chrome_ChildThre
###!!! [Child][MessageChannel::SendAndWait] Error: Channel error: cannot send/recv

1571573922719	mozrunner::runner	INFO	Running command: "C:\\Program Files (x86)\\Mozilla Firefox\\firefox.exe" "-marionette" "-foreground" "-no-remote" "-profile" "C:\\Users\\HP\\AppData\\Local\\Temp\\rust_mozprofiledCmxmT"
1571573924120	addons.webextension.screenshots@mozilla.org	WARN	Loading extension 'screenshots@mozilla.org': Reading manifest: Invalid extension permission: mozillaAddons
1571573924121	addons.webextension.screenshots@mozilla.org	WARN	Loading extension 'screenshots@mozilla.org': Reading manifest: Invalid extension permission: telemetry
1571573924121	addons.webextension.screenshots@mozilla.org	WARN	Loading extension 'screenshots@mozilla.org': Reading manifest: Invalid extension permission: resource://pdf.js/
1571573924121	addons.webextension.screenshots@mozilla.org	WARN	Loading extension 'screenshots@mozilla.org': Reading manifest: Invalid extension permission: about:reader*
JavaScript error: resource://gre/modules/XULStore.jsm, line 66: Error: Can't find profile directory.
1571573929746	Marionette	INFO	Listening on port 5099
1571573929817	Marionette	WARN	TLS certificate errors will be ignored for this session
[Child 2444, Chrome_ChildThread] WARNING: pipe error: 109: file z:/task_1570643041/build/src/ipc/chromium/src/chrome/common/ipc_channel_win.cc, line 341
1571573934424	Marionette	INFO	Stopped listening on port 5099
[Child 3180, Chrome_ChildThread] WARNING: pipe error: 109: file z:/task_1570643041/build/src/ipc/chromium/src/chrome/common/ipc_channel_win.cc, line 341
[Child 3180, Chrome_ChildThread] WARN[Parent 18520, Gecko_IOThread] WARNING: pipe error: 109: file z:/task_1570643041/build/src/ipc/chromium/src/chrome/common/ipc_channel_win.cc, line 341
[GPU 18680, Chro
###!!! [Child][RunMessage] Error: Channel closing: too late to send/recv, messages will be lost

me_Child
###!!! [Child][MessageChannel::SendAndWait] Error: Channel error: cannot send/recv

1571573945704	mozrunner::runner	INFO	Running command: "C:\\Program Files (x86)\\Mozilla Firefox\\firefox.exe" "-marionette" "-foreground" "-no-remote" "-profile" "C:\\Users\\HP\\AppData\\Local\\Temp\\rust_mozprofileSwFwbq"
1571573947157	addons.webextension.screenshots@mozilla.org	WARN	Loading extension 'screenshots@mozilla.org': Reading manifest: Invalid extension permission: mozillaAddons
1571573947157	addons.webextension.screenshots@mozilla.org	WARN	Loading extension 'screenshots@mozilla.org': Reading manifest: Invalid extension permission: telemetry
1571573947158	addons.webextension.screenshots@mozilla.org	WARN	Loading extension 'screenshots@mozilla.org': Reading manifest: Invalid extension permission: resource://pdf.js/
1571573947158	addons.webextension.screenshots@mozilla.org	WARN	Loading extension 'screenshots@mozilla.org': Reading manifest: Invalid extension permission: about:reader*
JavaScript error: resource://gre/modules/XULStore.jsm, line 66: Error: Can't find profile directory.
1571573952326	Marionette	INFO	Listening on port 5149
1571573952379	Marionette	WARN	TLS certificate errors will be ignored for this session
[Child 15412, Chrome_ChildThread] WARNING: pipe error: 109: file z:/task_1570643041/build/src/ipc/chromium/src/chrome/common/ipc_channel_win.cc, line 341
[Child 15412, Chrome_ChildThread] WARNING: pi[Child 19292, Chrome_ChildThread] WARNING: pipe error: 109: file z:/task_1570643041/build/src/ipc/chromium/src/chrome/common/ipc_channel_win.cc, line 341
[Child 19292, Chrome_ChildThread] WARNING: pipe error: 109: file z:/task_1570643041/build/src/ipc/chromium/src/chrome/common/ipc_channel_win.cc, line 341
[Child 2992, Chrome_ChildThread] WARNING: pipe error: 109: file z:/task_1570643041/build/src/ipc/chromium/src/chrome/common/ipc_channel_win.cc, line 341
[Chil[Child 18508, Chrome_ChildThread] WARNING: pipe error: 109: file z:/task_1570643041/build/src/ipc/chromium/src/chrome/common/ipc_channel_win.cc, line 341
[Child 18508, Chrome_ChildThread] WARNING: pip1571573957717	Marionette	INFO	Stopped listening on port 5149

###!!! [Child][RunMessage] Error: Channel closing: too late to send/recv, messages will be lost

[GPU 15488, Chrome_ChildThr
###!!! [Child][MessageChannel::SendAndWait] Error: Channel error: cannot send/recv

1571661581996	mozrunner::runner	INFO	Running command: "C:\\Program Files (x86)\\Mozilla Firefox\\firefox.exe" "-marionette" "-foreground" "-no-remote" "-profile" "C:\\Users\\HP\\AppData\\Local\\Temp\\rust_mozprofile5vDMnE"
1571661583582	addons.webextension.screenshots@mozilla.org	WARN	Loading extension 'screenshots@mozilla.org': Reading manifest: Invalid extension permission: mozillaAddons
1571661583582	addons.webextension.screenshots@mozilla.org	WARN	Loading extension 'screenshots@mozilla.org': Reading manifest: Invalid extension permission: telemetry
1571661583582	addons.webextension.screenshots@mozilla.org	WARN	Loading extension 'screenshots@mozilla.org': Reading manifest: Invalid extension permission: resource://pdf.js/
1571661583582	addons.webextension.screenshots@mozilla.org	WARN	Loading extension 'screenshots@mozilla.org': Reading manifest: Invalid extension permission: about:reader*
JavaScript error: resource://gre/modules/XULStore.jsm, line 66: Error: Can't find profile directory.
1571661589757	Marionette	INFO	Listening on port 4228
1571661590065	Marionette	WARN	TLS certificate errors will be ignored for this session
[Child 2132, Chrome_ChildThread] WARNING: pipe error: 109: file z:/task_1570643041/build/src/ipc/chromium/src/chrome/common/ipc_channel_win.cc, line 341
[Child 2132, Chrome_ChildThread] WARNING: pipe error: 109: file z:/task_1570643041/build/src/ipc/chromium/src/chrome/common/ipc_channel_win.cc, line 341
1571661593644	Marionette	INFO	Stopped listening on port 4228
[Child 16796, Chrome_ChildThread] WARNING: pipe error: 109: file z:/task_1570643041/build/src/ipc/chromium/src/chrome/common/ipc_channel_win.cc, line 341
[Child 16796, Chrome_ChildThread] WARNING: pipe error: 109: file z
###!!! [Child][MessageChannel::SendAndWait] Error: Channel error: cannot send/recv

1571661645871	mozrunner::runner	INFO	Running command: "C:\\Program Files (x86)\\Mozilla Firefox\\firefox.exe" "-marionette" "-foreground" "-no-remote" "-profile" "C:\\Users\\HP\\AppData\\Local\\Temp\\rust_mozprofileczCtNG"
1571661647058	addons.webextension.screenshots@mozilla.org	WARN	Loading extension 'screenshots@mozilla.org': Reading manifest: Invalid extension permission: mozillaAddons
1571661647059	addons.webextension.screenshots@mozilla.org	WARN	Loading extension 'screenshots@mozilla.org': Reading manifest: Invalid extension permission: telemetry
1571661647059	addons.webextension.screenshots@mozilla.org	WARN	Loading extension 'screenshots@mozilla.org': Reading manifest: Invalid extension permission: resource://pdf.js/
1571661647059	addons.webextension.screenshots@mozilla.org	WARN	Loading extension 'screenshots@mozilla.org': Reading manifest: Invalid extension permission: about:reader*
JavaScript error: resource://gre/modules/XULStore.jsm, line 66: Error: Can't find profile directory.
1571661653157	Marionette	INFO	Listening on port 4347
1571661653447	Marionette	WARN	TLS certificate errors will be ignored for this session
[Child 16276, Chrome_ChildThread] WARNING: pipe error: 109: file z:/task_1570643041/build/src/ipc/chromium/src/chrome/common/ipc_channel_win.cc, line 341
[Child 16276, Chrome_ChildThread] WARNING: pipe error: 109: file z:/task_1570643041/build/src/ipc/chromium/src/chrome/common/ipc_channel_win.cc, line 341
1571661657391	Marionette	INFO	Stopped listening on port 4347
[Child 16452, Chrome_ChildThread] WARNING: pipe error: 109: file z:/task_1570643041/build/src/ipc/chromium/src/chrome/common/ipc_channel_win.cc, line 341
[Child 16452, Chrome_Chi
###!!! [Child][RunMessage] Error: Channel closing: too late to send/recv, messages will be lost

[GPU 19044, Chrome_ChildT
###!!! [Child][MessageChannel::SendAndWait] Error: Channel error: cannot send/recv

1571662135753	mozrunner::runner	INFO	Running command: "C:\\Program Files (x86)\\Mozilla Firefox\\firefox.exe" "-marionette" "-foreground" "-no-remote" "-profile" "C:\\Users\\HP\\AppData\\Local\\Temp\\rust_mozprofileLaYnDY"
1571662136889	addons.webextension.screenshots@mozilla.org	WARN	Loading extension 'screenshots@mozilla.org': Reading manifest: Invalid extension permission: mozillaAddons
1571662136889	addons.webextension.screenshots@mozilla.org	WARN	Loading extension 'screenshots@mozilla.org': Reading manifest: Invalid extension permission: telemetry
1571662136890	addons.webextension.screenshots@mozilla.org	WARN	Loading extension 'screenshots@mozilla.org': Reading manifest: Invalid extension permission: resource://pdf.js/
1571662136890	addons.webextension.screenshots@mozilla.org	WARN	Loading extension 'screenshots@mozilla.org': Reading manifest: Invalid extension permission: about:reader*
JavaScript error: resource://gre/modules/XULStore.jsm, line 66: Error: Can't find profile directory.
1571662142089	Marionette	INFO	Listening on port 4955
1571662142572	Marionette	WARN	TLS certificate errors will be ignored for this session
[Child 1956, Chrome_ChildThread] WARNING: pipe error: 109: file z:/task_1570643041/build/src/ipc/chromium/src/chrome/common/ipc_channel_win.cc, line 341
[Child 1956, Chrome_ChildThread] WARNI1571662146348	Marionette	INFO	Stopped listening on port 4955
[Child 13340, Chrome_ChildThread] WARNING: pipe error: 109: file z:/task_1570643041/build/src/ipc/chromium/src/chrome/common/ipc_channel_win.cc, line 341
[Child 13340, Chrome_ChildThread] WARNING: pipe error: 109: file z:/task_1570643041/build/src/ipc/chromium/src/chrome/common/ipc_channel_win.cc, line 341
[Child 3536, Chrome_ChildThread] WARNING: pipe error: 109: file z:/task_1570643041/build/src/ipc/chromium/src/chrome/common/ipc_channel_win.cc, line 341
[Child 3536, Chrome_ChildThread] WARNING: pipe error: 109: 
###!!! [Child][RunMessage] Error: Channel closing: too late to send/recv, messages will be lost

[GPU 18056, Chrome_C
###!!! [Child][MessageChannel::SendAndWait] Error: Channel error: cannot send/recv

1571662190647	mozrunner::runner	INFO	Running command: "C:\\Program Files (x86)\\Mozilla Firefox\\firefox.exe" "-marionette" "-foreground" "-no-remote" "-profile" "C:\\Users\\HP\\AppData\\Local\\Temp\\rust_mozprofileKBFlyp"
1571662191875	addons.webextension.screenshots@mozilla.org	WARN	Loading extension 'screenshots@mozilla.org': Reading manifest: Invalid extension permission: mozillaAddons
1571662191875	addons.webextension.screenshots@mozilla.org	WARN	Loading extension 'screenshots@mozilla.org': Reading manifest: Invalid extension permission: telemetry
1571662191876	addons.webextension.screenshots@mozilla.org	WARN	Loading extension 'screenshots@mozilla.org': Reading manifest: Invalid extension permission: resource://pdf.js/
1571662191876	addons.webextension.screenshots@mozilla.org	WARN	Loading extension 'screenshots@mozilla.org': Reading manifest: Invalid extension permission: about:reader*
JavaScript error: resource://gre/modules/XULStore.jsm, line 66: Error: Can't find profile directory.
1571662196427	Marionette	INFO	Listening on port 5061
1571662196840	Marionette	WARN	TLS certificate errors will be ignored for this session
1571662200457	Marionette	INFO	Stopped listening on port 5061
[GPU 14140, Chrome_ChildThread] WARNING: 
###!!! [Child][RunMessage] Error: Channel closing: too late to send/recv, messages will be lost


###!!! [Child][MessageChannel::SendAndWait] Error: Channel error: cannot send/recv

1571662884266	mozrunner::runner	INFO	Running command: "C:\\Program Files (x86)\\Mozilla Firefox\\firefox.exe" "-marionette" "-foreground" "-no-remote" "-profile" "C:\\Users\\HP\\AppData\\Local\\Temp\\rust_mozprofile1u5j46"
1571662886458	addons.webextension.screenshots@mozilla.org	WARN	Loading extension 'screenshots@mozilla.org': Reading manifest: Invalid extension permission: mozillaAddons
1571662886458	addons.webextension.screenshots@mozilla.org	WARN	Loading extension 'screenshots@mozilla.org': Reading manifest: Invalid extension permission: telemetry
1571662886459	addons.webextension.screenshots@mozilla.org	WARN	Loading extension 'screenshots@mozilla.org': Reading manifest: Invalid extension permission: resource://pdf.js/
1571662886459	addons.webextension.screenshots@mozilla.org	WARN	Loading extension 'screenshots@mozilla.org': Reading manifest: Invalid extension permission: about:reader*
JavaScript error: resource://gre/modules/XULStore.jsm, line 66: Error: Can't find profile directory.
1571662893571	Marionette	INFO	Listening on port 5986
1571662894059	Marionette	WARN	TLS certificate errors will be ignored for this session
[Child 3652, Chrome_ChildThread] WARNING: pipe error: 109: file z:/task_1570643041/build/src/ipc/chromium/src/chrome/common/ipc_channel_win.cc, line 341
[Child 3652, Chrome_ChildThread] WARNING: pipe error: 109: file z:/task_1570643041/build/src/ipc/chromium/src/chrome/common/ipc_channel_win.cc, line 341
JavaScript warning: https://n.sinaimg.cn/index/js/shms2.js?v=20190927, line 289: unreachable code after return statement
1571662914729	Marionette	INFO	Stopped listening on port 5986
[Parent 2896, Gecko_IOThread] WARNING: pipe error: 109: file z:/task_1570643041/build/src/ipc/chromium/src/chrome/common/ipc_channel_win.cc, line 341
[Child 18156, Chrome_ChildThread] WARNING: pipe error: 109: file z:/task_1570643041/build/src/ipc/chromium/src/chrome/common/ipc_channel_win.cc, line 341

###!!! [Child][RunMessage] Error: Channel closing: too late to send/recv, messages will be lost

[GPU 476, Chrome1571664450607	mozrunner::runner	INFO	Running command: "C:\\Program Files (x86)\\Mozilla Firefox\\firefox.exe" "-marionette" "-foreground" "-no-remote" "-profile" "C:\\Users\\HP\\AppData\\Local\\Temp\\rust_mozprofileRf3p7z"
1571664452281	addons.webextension.screenshots@mozilla.org	WARN	Loading extension 'screenshots@mozilla.org': Reading manifest: Invalid extension permission: mozillaAddons
1571664452282	addons.webextension.screenshots@mozilla.org	WARN	Loading extension 'screenshots@mozilla.org': Reading manifest: Invalid extension permission: telemetry
1571664452282	addons.webextension.screenshots@mozilla.org	WARN	Loading extension 'screenshots@mozilla.org': Reading manifest: Invalid extension permission: resource://pdf.js/
1571664452282	addons.webextension.screenshots@mozilla.org	WARN	Loading extension 'screenshots@mozilla.org': Reading manifest: Invalid extension permission: about:reader*
JavaScript error: resource://gre/modules/XULStore.jsm, line 66: Error: Can't find profile directory.
1571664457670	Marionette	INFO	Listening on port 7902
1571664458104	Marionette	WARN	TLS certificate errors will be ignored for this session
[Child 17636, Chrome_ChildThread] WARNING: pipe error: 109: file z:/task_1570643041/build/src/ipc/chromium/src/chrome/common/ipc_channel_win.cc, line 341
[Child 17636, Chrome_ChildThread] WARNING: pipe error: 109: file z:/task_1570643041/build/src/ipc/chromium/src/chrome/common/ipc_channel_win.cc, line 341
1571664461764	Marionette	INFO	Stopped listening on port 7902
[Child 17200, Chrome_ChildThread] WARNING: pipe error: 109: file z:/task_1570643041/build/src/ipc/chromium/src/chrome/common/ipc_channel_win.cc, line 341
[Child 17200, Chrome_ChildThread] WARNING: pipe error: 109: file z:/task_1570643041/build/src/ipc/chromium/src/chrom[Child 18256, Chrome_ChildThread] WARNING: pipe error: 109: file z:/task_1570643041/build/src/ipc/chromium/src/chrome/common/ipc_channel_win.cc, line 341
[Child 18256, Chrome_ChildThread] WARNING: pipe error: 109: file z:/task_1570643041/build/src/ipc/chromium/src/chrome/common/ipc_channel_win.cc, line 341
[Child 2868, Chrome_ChildThread] WARNING: pipe error: 109: file z:/task_1570643041/build/src/ipc/chromium/src/chrome/common/ipc_channel_win.cc, line 341
[Child 3572, Chrome_ChildThread] WARNING: pipe error: 109: file z:/task_1570643041/build/src/ipc/chromium/src/chrome/common/ipc_channel_win.cc, line 341
[Child 357
###!!! [Child][MessageChannel::SendAndWait] Error: Channel error: cannot send/recv

1571665719548	mozrunner::runner	INFO	Running command: "C:\\Program Files (x86)\\Mozilla Firefox\\firefox.exe" "-marionette" "-foreground" "-no-remote" "-profile" "C:\\Users\\HP\\AppData\\Local\\Temp\\rust_mozprofile7kwe4A"
1571665721717	addons.webextension.screenshots@mozilla.org	WARN	Loading extension 'screenshots@mozilla.org': Reading manifest: Invalid extension permission: mozillaAddons
1571665721718	addons.webextension.screenshots@mozilla.org	WARN	Loading extension 'screenshots@mozilla.org': Reading manifest: Invalid extension permission: telemetry
1571665721718	addons.webextension.screenshots@mozilla.org	WARN	Loading extension 'screenshots@mozilla.org': Reading manifest: Invalid extension permission: resource://pdf.js/
1571665721718	addons.webextension.screenshots@mozilla.org	WARN	Loading extension 'screenshots@mozilla.org': Reading manifest: Invalid extension permission: about:reader*
JavaScript error: resource://gre/modules/XULStore.jsm, line 66: Error: Can't find profile directory.
1571665727861	Marionette	INFO	Listening on port 9287
1571665728269	Marionette	WARN	TLS certificate errors will be ignored for this session
[Child 8668, Chrome_ChildThread] WARNING: pipe error: 109: file z:/task_1570643041/build/src/ipc/chromium/src/chrome/common/ipc_channel_win.cc, line 341
[Child 8668, Chrome_ChildThr1571665731722	Marionette	INFO	Stopped listening on port 9287
[Child 14216, Chrome_ChildThread] WARNING: pipe error: 109: file z:/task_1570643041/build/src/ipc/chromium/src/chrome/common/ipc_channel_win.cc, line 341
[Child 14216, Chrome_ChildThread] WARNING: pipe error: 109: file z:/task_1570643041/build/src/ipc/chromium/src/chrome/common/ipc_channel_win.cc, line 341

###!!! [Child][RunMessage] Error: Channel closing: too late to send/recv, messages will be lost

[GPU 1344, Chrome_ChildThread] WARNING: pipe
###!!! [Child][MessageChannel::SendAndWait] Error: Channel error: cannot send/recv

1571665739877	mozrunner::runner	INFO	Running command: "C:\\Program Files (x86)\\Mozilla Firefox\\firefox.exe" "-marionette" "-foreground" "-no-remote" "-profile" "C:\\Users\\HP\\AppData\\Local\\Temp\\rust_mozprofilekGqOPe"
1571665741322	addons.webextension.screenshots@mozilla.org	WARN	Loading extension 'screenshots@mozilla.org': Reading manifest: Invalid extension permission: mozillaAddons
1571665741322	addons.webextension.screenshots@mozilla.org	WARN	Loading extension 'screenshots@mozilla.org': Reading manifest: Invalid extension permission: telemetry
1571665741323	addons.webextension.screenshots@mozilla.org	WARN	Loading extension 'screenshots@mozilla.org': Reading manifest: Invalid extension permission: resource://pdf.js/
1571665741323	addons.webextension.screenshots@mozilla.org	WARN	Loading extension 'screenshots@mozilla.org': Reading manifest: Invalid extension permission: about:reader*
JavaScript error: resource://gre/modules/XULStore.jsm, line 66: Error: Can't find profile directory.
1571665746145	Marionette	INFO	Listening on port 9361
1571665746548	Marionette	WARN	TLS certificate errors will be ignored for this session
[Child 12964, Chrome_ChildThread] WARNING: pipe error: 109: file z:/task_1570643041/build/src/ipc/chromium/src/chrome/common/ipc_channel_win.cc, line 341
[Child 1291571665750187	Marionette	INFO	Stopped listening on port 9361
[Child 3628, Chrome_ChildThread] WARNING: pipe error: 109: file z:/task_1570643041/build/src/ipc/chromium/src/chrome/common/ipc_channel_win.cc, line 341
[Child 3628, Chrome_ChildThread] WARNING: pipe error: 109: file z:/task_1570643041/build/src/ipc/chromium/src/chrome/common/ipc_channel_wi[Child 3152, Chrome_ChildThread] WARNING: pipe error: 109: file z:/task_1570643041/build/src/ipc/chromium/src/chrome/common/ipc_channel_win.cc, line 341
[Child 3152, Chrome_ChildThread] WARNING: pipe error: 109: f[Parent 15568, Gecko_IOThread] WARNING: pipe error: 109: file z:/task_1570643041/build/src/ipc/chromium/src/chrome/common/ipc_channel_win.cc, line 341

###!!! [Child][RunMessage] Error: Channel closing: too late to send/recv, messages will be lost

[GPU 18972, Chrome_ChildThread] WARNING
###!!! [Child][MessageChannel::SendAndWait] Error: Channel error: cannot send/recv

1571666755371	mozrunner::runner	INFO	Running command: "C:\\Program Files (x86)\\Mozilla Firefox\\firefox.exe" "-marionette" "-foreground" "-no-remote" "-profile" "C:\\Users\\HP\\AppData\\Local\\Temp\\rust_mozprofileirXaGY"
1571666758927	addons.webextension.screenshots@mozilla.org	WARN	Loading extension 'screenshots@mozilla.org': Reading manifest: Invalid extension permission: mozillaAddons
1571666758930	addons.webextension.screenshots@mozilla.org	WARN	Loading extension 'screenshots@mozilla.org': Reading manifest: Invalid extension permission: telemetry
1571666758933	addons.webextension.screenshots@mozilla.org	WARN	Loading extension 'screenshots@mozilla.org': Reading manifest: Invalid extension permission: resource://pdf.js/
1571666758934	addons.webextension.screenshots@mozilla.org	WARN	Loading extension 'screenshots@mozilla.org': Reading manifest: Invalid extension permission: about:reader*
JavaScript error: resource://gre/modules/XULStore.jsm, line 66: Error: Can't find profile directory.
1571666768632	Marionette	INFO	Listening on port 10471
1571666768959	Marionette	WARN	TLS certificate errors will be ignored for this session
[Parent 9964, Gecko_IOThread] WARNING: pipe error: 109: file z:/task_1570643041/build/src/ipc/chromium/src/chrome/common/ipc_channel_win.cc, line 341
[Child 4092, Chrome_ChildThread] WARNING: pipe error: 109: file z:/task_1570643041/build/src/ipc/chromium/src/chrome/common/ipc_channel_win.cc, line 341
1571666774821	Marionette	INFO	Stopped listening on port 10471
[Child 14704, Chrome_ChildThread] WARNING: pipe error: 109: file z:/task_1570643041/build/src/ipc/chromium/src/chrome/common/ipc_channel_win.cc, line 341
[Child 14704, Chrome_ChildThread] WARNING: pipe error: 109: file z:/task_1570[Parent 9964, Gecko_IOThread] WARNING: pipe error: 109: file z:/task_1570643041/build/src/ipc/chromium/src/chrome/common/ipc_channel_win.cc, line 341

###!!! [Child][RunMessage] Error: Channel closing: too late to send/recv, messages will be lost

[GPU 20360, Chrome_ChildThread] WARNING
###!!! [Child][MessageChannel::SendAndWait] Error: Channel error: cannot send/recv

1571666796429	mozrunner::runner	INFO	Running command: "C:\\Program Files (x86)\\Mozilla Firefox\\firefox.exe" "-marionette" "-foreground" "-no-remote" "-profile" "C:\\Users\\HP\\AppData\\Local\\Temp\\rust_mozprofile7d3rHE"
1571666799323	addons.webextension.screenshots@mozilla.org	WARN	Loading extension 'screenshots@mozilla.org': Reading manifest: Invalid extension permission: mozillaAddons
1571666799323	addons.webextension.screenshots@mozilla.org	WARN	Loading extension 'screenshots@mozilla.org': Reading manifest: Invalid extension permission: telemetry
1571666799324	addons.webextension.screenshots@mozilla.org	WARN	Loading extension 'screenshots@mozilla.org': Reading manifest: Invalid extension permission: resource://pdf.js/
1571666799324	addons.webextension.screenshots@mozilla.org	WARN	Loading extension 'screenshots@mozilla.org': Reading manifest: Invalid extension permission: about:reader*
JavaScript error: resource://gre/modules/XULStore.jsm, line 66: Error: Can't find profile directory.
1571666806902	Marionette	INFO	Listening on port 10564
1571666807236	Marionette	WARN	TLS certificate errors will be ignored for this session
[Child 16592, Chrome_ChildThread] WARNING: pipe error: 109: file z:/task_1570643041/build/src/ipc/chromium/src/chrome/common/ipc_channel_win.cc, line 341
[Child 16592, Chrome_ChildThread] WARNING: pipe error: 109: file z:/task_1570643041/build/src/ipc/chromium/src/chrome/common/ipc_channel_win.cc, line 341
1571666811679	Marionette	INFO	Stopped listening on port 10564
[Child 8264, Chrome_ChildThread] WARNING: pipe error: 109: file z:/task_1570643041/build/src/ipc/chromium/src/chrome/common/ipc_channel_win.cc, line 341
[Child 8264, Chrome_ChildThread] WARNING[Child 16184, Chrome_ChildThread] WARNING: pipe error: 109: file z:/task_1570643041/build/src/ipc/chromium/src/chrome/common/ipc_channel_win.cc, line 341
[Child 16184, Chrome_ChildThread] WARNING: pipe error: 109: file z:/task_1570643041/build/src/ipc/chromium/src/chrome/common/ipc_channel_win.cc, line 341
[Parent 17856, Gecko_IOThread] WARNING: pipe error: 109: file z:/task_1570643041/build/src/ipc/chromium/src/chrome/common/ipc_channel_win.cc, line 341
[Chil
###!!! [Child][MessageChannel::SendAndWait] Error: Channel error: cannot send/recv

1571666857597	mozrunner::runner	INFO	Running command: "C:\\Program Files (x86)\\Mozilla Firefox\\firefox.exe" "-marionette" "-foreground" "-no-remote" "-profile" "C:\\Users\\HP\\AppData\\Local\\Temp\\rust_mozprofile25vGJx"
1571666859763	addons.webextension.screenshots@mozilla.org	WARN	Loading extension 'screenshots@mozilla.org': Reading manifest: Invalid extension permission: mozillaAddons
1571666859764	addons.webextension.screenshots@mozilla.org	WARN	Loading extension 'screenshots@mozilla.org': Reading manifest: Invalid extension permission: telemetry
1571666859764	addons.webextension.screenshots@mozilla.org	WARN	Loading extension 'screenshots@mozilla.org': Reading manifest: Invalid extension permission: resource://pdf.js/
1571666859764	addons.webextension.screenshots@mozilla.org	WARN	Loading extension 'screenshots@mozilla.org': Reading manifest: Invalid extension permission: about:reader*
JavaScript error: resource://gre/modules/XULStore.jsm, line 66: Error: Can't find profile directory.
1571666867350	Marionette	INFO	Listening on port 10685
1571666867417	Marionette	WARN	TLS certificate errors will be ignored for this session
[Child 15876, Chrome_ChildThread] WARNING: pipe error: 109: file z:/task_1570643041/build/src/ipc/chromium/src/chrome/common/ipc_channel_win.cc, line 341
[Child 15876, Chrome_ChildThrea1571666872841	Marionette	INFO	Stopped listening on port 10685
[Child 15068, Chrome_ChildThread] WARNING: pipe error: 109: file z:/task_1570643041/build/src/ipc/chromium/src/chrome/common/ipc_channel_win.cc, line 341
[Child 17960, Chrome_ChildThread] WARNING: pipe error: 109: file z:/task_1570643041/build/src/ipc/chromium/src/chrome/common/ipc_channel_win.cc, line 341

###!!! [Child][RunMessage] Error: Channel closing: too late to send/recv, messages will be lost

[Child 17960, Chrome_ChildThread] WA
###!!! [Child][RunMessage] Error: Channel closing: too late to send/recv, messages will be lost

RNING: pip
###!!! [Child][MessageChannel] Error: (msgtype=0x36010B,name=PContent::Msg_RecordDiscardedData) Channel closing: too late to send/recv, messages will be lost

e error: 109: file z:/task_1570
###!!! [Child][RunMessage] Error: Channel closing: too late to send/recv, messages will be lost

[GPU 16292, Chrome_ChildThread] WARNING: pipe error: 109: file z:/t
###!!! [Child][MessageChannel::SendAndWait] Error: Channel error: cannot send/recv

1571667409127	mozrunner::runner	INFO	Running command: "C:\\Program Files (x86)\\Mozilla Firefox\\firefox.exe" "-marionette" "-foreground" "-no-remote" "-profile" "C:\\Users\\HP\\AppData\\Local\\Temp\\rust_mozprofile097MM0"
1571667411532	addons.webextension.screenshots@mozilla.org	WARN	Loading extension 'screenshots@mozilla.org': Reading manifest: Invalid extension permission: mozillaAddons
1571667411532	addons.webextension.screenshots@mozilla.org	WARN	Loading extension 'screenshots@mozilla.org': Reading manifest: Invalid extension permission: telemetry
1571667411532	addons.webextension.screenshots@mozilla.org	WARN	Loading extension 'screenshots@mozilla.org': Reading manifest: Invalid extension permission: resource://pdf.js/
1571667411532	addons.webextension.screenshots@mozilla.org	WARN	Loading extension 'screenshots@mozilla.org': Reading manifest: Invalid extension permission: about:reader*
JavaScript error: resource://gre/modules/XULStore.jsm, line 66: Error: Can't find profile directory.
1571667417054	Marionette	INFO	Listening on port 11389
1571667417153	Marionette	WARN	TLS certificate errors will be ignored for this session
[Parent 13176, Gecko_IOThread] WARNING: pipe error: 109: file z:/task_1570643041/build/src/ipc/chromium/src/chrome/common/ipc_channel_win.cc, line 341
[Child 2636, Chrome_ChildThread] WARNING: pipe error: 109: file z:/task_1570643041/build/src/ipc/chromium/src/chrome/common/ipc_channel_win.cc, line 341
[Child 2636, Chrome_ChildThread] WARNING: pipe error: 109: file z:/task_1570643041/build/src/ipc/chromium/src/chrome/common/ipc_channel_win.c1571667420562	Marionette	INFO	Stopped listening on port 11389
[Child 8644, Chrome_ChildThread] WARNING: pipe error: 109: file z:/task_1570643041/build/src/ipc/chromium/src/chrome/common/ipc_channel_win.cc, line 341
[Child 8644, Chrome_Ch
###!!! [Child][MessageChannel::SendAndWait] Error: Channel error: cannot send/recv

1571667430369	mozrunner::runner	INFO	Running command: "C:\\Program Files (x86)\\Mozilla Firefox\\firefox.exe" "-marionette" "-foreground" "-no-remote" "-profile" "C:\\Users\\HP\\AppData\\Local\\Temp\\rust_mozprofileFGBEYR"
1571667431773	addons.webextension.screenshots@mozilla.org	WARN	Loading extension 'screenshots@mozilla.org': Reading manifest: Invalid extension permission: mozillaAddons
1571667431774	addons.webextension.screenshots@mozilla.org	WARN	Loading extension 'screenshots@mozilla.org': Reading manifest: Invalid extension permission: telemetry
1571667431774	addons.webextension.screenshots@mozilla.org	WARN	Loading extension 'screenshots@mozilla.org': Reading manifest: Invalid extension permission: resource://pdf.js/
1571667431774	addons.webextension.screenshots@mozilla.org	WARN	Loading extension 'screenshots@mozilla.org': Reading manifest: Invalid extension permission: about:reader*
JavaScript error: resource://gre/modules/XULStore.jsm, line 66: Error: Can't find profile directory.
1571667437437	Marionette	INFO	Listening on port 11457
1571667437833	Marionette	WARN	TLS certificate errors will be ignored for this session
[Child 13220, Chrome_ChildThread] WARNING: pipe error: 109: file z:/task_1570643041/build/src/ipc/chromium/src/chrome/common/ipc_channel_win.cc, line 341
[Child 13220, Chrome_ChildThread] WARNING: pipe error: 109: file z:/task_15706430411571667441353	Marionette	INFO	Stopped listening on port 11457
[Child 12804, Chrome_ChildThread] WARNING: pipe error: 109: file z:/task_1570643041/build/src/ipc/chromium/src/chrome/common/ipc_channel_win.cc, line 341
[Child 12804, Chrome_ChildThread] WARNING: pipe error: 109: file z:/task_1570643041/build/src/ipc/chromium/src/chrome/common/ipc_channel_win.cc, line 341

###!!! [Child][RunMessage] Error: Channel closing: too late to send/recv, messages will be lost

[GPU 14704, Chrome_ChildThread]
###!!! [Child][MessageChannel::SendAndWait] Error: Channel error: cannot send/recv

1571668135966	mozrunner::runner	INFO	Running command: "C:\\Program Files (x86)\\Mozilla Firefox\\firefox.exe" "-marionette" "-foreground" "-no-remote" "-profile" "C:\\Users\\HP\\AppData\\Local\\Temp\\rust_mozprofileJ5uTvH"
1571668137704	addons.webextension.screenshots@mozilla.org	WARN	Loading extension 'screenshots@mozilla.org': Reading manifest: Invalid extension permission: mozillaAddons
1571668137704	addons.webextension.screenshots@mozilla.org	WARN	Loading extension 'screenshots@mozilla.org': Reading manifest: Invalid extension permission: telemetry
1571668137705	addons.webextension.screenshots@mozilla.org	WARN	Loading extension 'screenshots@mozilla.org': Reading manifest: Invalid extension permission: resource://pdf.js/
1571668137705	addons.webextension.screenshots@mozilla.org	WARN	Loading extension 'screenshots@mozilla.org': Reading manifest: Invalid extension permission: about:reader*
JavaScript error: resource://gre/modules/XULStore.jsm, line 66: Error: Can't find profile directory.
1571668143498	Marionette	INFO	Listening on port 12173
1571668144036	Marionette	WARN	TLS certificate errors will be ignored for this session
[Child 11944, Chrome_ChildThread] WARNING: pipe error: 109: file z:/task_1570643041/build/src/ipc/chromium/src/chrome/common/ipc_channel_win.cc, line 341
[Child 11944, Chrome_ChildThread] WARNING: pipe error: 109: file z:/task_1570643041/build/src/ipc/chromium/src/chrome/common/ipc_channel_win.cc, line 341
[Child 4596, Chrome_ChildThread] WARNING: pipe error: 109: file z:/task_1570643041/build/src/ipc/chromium/src/chrome/common/ipc_channel_win.cc, line 341
[Child 4596, Chrom[Child 13024, Chrome_ChildThread] WARNING: pipe error: 109: file z:/task_1570643041/build/src/ipc/chromium/src/chrome/common/ipc_channel_win.cc, line 341
[Child 13024, Chrome_ChildThread] WARNING: pipe error: 109: file z:/task_1570643041/build/src/ipc/chromium/src/chrome/common/ipc_channel_win.cc, line 341
1571669059124	Marionette	INFO	Stopped listening on port 12173

###!!! [Child][MessageChannel::SendAndWait] Error: Channel error: cannot send/recv

xtension 'screenshots@mozilla.org': Reading manifest: Invalid extension permission: resource://pdf.js/
1571668204505	addons.webextension.screenshots@mozilla.org	WARN	Loading extension 'screenshots@mozilla.org': Reading manifest: Invalid extension permission: about:reader*
JavaScript error: resource://gre/modules/XULStore.jsm, line 66: Error: Can't find profile directory.
1571668209211	Marionette	INFO	Listening on port 12296
1571668209433	Marionette	WARN	TLS certificate errors will be ignored for this session
[Child 4040, Chrome_ChildThread] WARNING: pipe error: 109: file z:/task_1570643041/build/src/ipc/chromium/src/chrome/common/ipc_channel_win.cc, line 341
[Child 40401571668213152	Marionette	INFO	Stopped listening on port 12296
[Child 7992, Chrome_ChildThread] WARNING: pipe error: 109: file z:/task_1570643041/build/src/ipc/chromium/src/chrome/common/ipc_channel_win.cc, line 341
[Child 7992, Chrome_ChildThread] WARNING: pipe error: 109: file z:/task_1570[Child 3408, Chrome_ChildThread] WARNING: pipe error: 109: file z:/task_1570643041/build/src/ipc/chromi
###!!! [Child][MessageChannel::SendAndWait] Error: Channel error: cannot send/recv

1587389680608	mozrunner::runner	INFO	Running command: "C:\\Program Files (x86)\\Mozilla Firefox\\firefox.exe" "-marionette" "-foreground" "-no-remote" "-profile" "C:\\Users\\HP\\AppData\\Local\\Temp\\rust_mozprofile1d8QFd"
1587389682061	addons.webextension.doh-rollout@mozilla.org	WARN	Loading extension 'doh-rollout@mozilla.org': Reading manifest: Invalid extension permission: networkStatus
1587389682488	addons.webextension.screenshots@mozilla.org	WARN	Loading extension 'screenshots@mozilla.org': Reading manifest: Invalid extension permission: mozillaAddons
1587389682488	addons.webextension.screenshots@mozilla.org	WARN	Loading extension 'screenshots@mozilla.org': Reading manifest: Invalid extension permission: telemetry
1587389682489	addons.webextension.screenshots@mozilla.org	WARN	Loading extension 'screenshots@mozilla.org': Reading manifest: Invalid extension permission: resource://pdf.js/
1587389682489	addons.webextension.screenshots@mozilla.org	WARN	Loading extension 'screenshots@mozilla.org': Reading manifest: Invalid extension permission: about:reader*
JavaScript error: resource://gre/modules/XULStore.jsm, line 66: Error: Can't find profile directory.
1587389685377	Marionette	INFO	Listening on port 12811
1587389685762	Marionette	WARN	TLS certificate errors will be ignored for this session
1587389689649	Marionette	INFO	Stopped listening on port 12811

###!!! [Child][RunMessage] Error: Channel closing: too late to send/recv, messages will be lost

