1572016171802	mozrunner::runner	INFO	Running command: "C:\\Program Files (x86)\\Mozilla Firefox\\firefox.exe" "-marionette" "-foreground" "-no-remote" "-profile" "C:\\Users\\HP\\AppData\\Local\\Temp\\rust_mozprofile09HH4f"
1572016212754	mozrunner::runner	INFO	Running command: "C:\\Program Files (x86)\\Mozilla Firefox\\firefox.exe" "-marionette" "-foreground" "-no-remote" "-profile" "C:\\Users\\HP\\AppData\\Local\\Temp\\rust_mozprofileBKQjmC"
1572016215353	addons.webextension.screenshots@mozilla.org	WARN	Loading extension 'screenshots@mozilla.org': Reading manifest: Invalid extension permission: mozillaAddons
1572016215354	addons.webextension.screenshots@mozilla.org	WARN	Loading extension 'screenshots@mozilla.org': Reading manifest: Invalid extension permission: telemetry
1572016215354	addons.webextension.screenshots@mozilla.org	WARN	Loading extension 'screenshots@mozilla.org': Reading manifest: Invalid extension permission: resource://pdf.js/
1572016215354	addons.webextension.screenshots@mozilla.org	WARN	Loading extension 'screenshots@mozilla.org': Reading manifest: Invalid extension permission: about:reader*
JavaScript error: resource://gre/modules/XULStore.jsm, line 66: Error: Can't find profile directory.
1572016226724	Marionette	INFO	Listening on port 54229
1572016227266	Marionette	WARN	TLS certificate errors will be ignored for this session
[Child 1740, Chrome_ChildThread] WARNING: pipe error: 109: file z:/task_1571240440/build/src/ipc/chromium/src/chrome/common/ipc_channel_win.cc, line 341
[Child 1740, Chrome_ChildThread] WARNING: pipe error: 109: file z:/task_1571240440/build/A content process crashed and MOZ_CRASHREPORTER_SHUTDOWN is set, shutting down
[Child 15268, Chrome_ChildThread] WARNING: pipe error: 109: file z:/task_1571240440/build/src/ipc/chromium/src/chrome/common/ipc_channel_win.cc, line 341
[Child 7612, Chrome_ChildThread] WARNING: pipe error: 109: file z:/task_1571240440/build/src/ipc/chromium/src/chrome/common/ipc_channel_win.cc, line 341
[Child 7612, Ch[Parent 4564, Gecko_IOThread] WARNING: pipe error: 109: file z:/task_1571240440/build/src/ipc/chromium/src/chrome/common/ipc_channel_win.cc, line 341
[Child 9640, Chrome_ChildThread] WARNING: pipe error: 109: file z:/task_1571240440/build/src/ipc/chromium/src/chrome/common/ipc_channel_win.cc, line 341
[Child 9640[Child 5640, Chrome_ChildThread] WARNING: pipe error: 109: file z:/task_1571240440/build/src/ipc/chromium/src/chrome/common/ipc_channel_win.cc, line 341
[Child 5640, Chrome_ChildThread] WARNING: pipe error: 109: file z:/task_1571240440/build/src/ipc/chromium/src/chrome/common/ipc_channel_win.cc, line 341
1572016237268	Marionette	INFO	Stopped listening on port 54229

###!!! [Child][RunMessage] Error: Channel closing: too late to send/recv, messages will be lost

[GPU 1184, Chrome_Child
###!!! [Child][MessageChannel::SendAndWait] Error: Channel error: cannot send/recv

1572016378008	mozrunner::runner	INFO	Running command: "C:\\Program Files (x86)\\Mozilla Firefox\\firefox.exe" "-marionette" "-foreground" "-no-remote" "-profile" "C:\\Users\\HP\\AppData\\Local\\Temp\\rust_mozprofilewveEdr"
1572016379743	addons.webextension.screenshots@mozilla.org	WARN	Loading extension 'screenshots@mozilla.org': Reading manifest: Invalid extension permission: mozillaAddons
1572016379744	addons.webextension.screenshots@mozilla.org	WARN	Loading extension 'screenshots@mozilla.org': Reading manifest: Invalid extension permission: telemetry
1572016379744	addons.webextension.screenshots@mozilla.org	WARN	Loading extension 'screenshots@mozilla.org': Reading manifest: Invalid extension permission: resource://pdf.js/
1572016379744	addons.webextension.screenshots@mozilla.org	WARN	Loading extension 'screenshots@mozilla.org': Reading manifest: Invalid extension permission: about:reader*
JavaScript error: resource://gre/modules/XULStore.jsm, line 66: Error: Can't find profile directory.
1572016385889	Marionette	INFO	Listening on port 54353
1572016385935	Marionette	WARN	TLS certificate errors will be ignored for this session
[Child 14568, Chrome_ChildThread] WARNING: pipe error: 109: file z:/task_1571240440/build/src/ipc/chromium/src/chrome/common/ipc_channel_win.cc, line 341
[Child 14568, Chrome_ChildThread] WARNING: pipe error: 109: file z:/task_1571240440/build/src/ipc/chromium/src/chrome/common/ipc_channel_win.cc, line 341
1572016746198	Marionette	INFO	Stopped listening on port 54353

###!!! [Child][RunMessage] Error: Channel closing: too late to send/recv, messages will be lost

[GPU 14416, Chrome_ChildThread] WAR
###!!! [Child][MessageChannel::SendAndWait] Error: Channel error: cannot send/recv

oading extension 'screenshots@mozilla.org': Reading manifest: Invalid extension permission: mozillaAddons
1572016715806	addons.webextension.screenshots@mozilla.org	WARN	Loading extension 'screenshots@mozilla.org': Reading manifest: Invalid extension permission: telemetry
1572016715806	addons.webextension.screenshots@mozilla.org	WARN	Loading extension 'screenshots@mozilla.org': Reading manifest: Invalid extension permission: resource://pdf.js/
1572016715807	addons.webextension.screenshots@mozilla.org	WARN	Loading extension 'screenshots@mozilla.org': Reading manifest: Invalid extension permission: about:reader*
JavaScript error: resource://gre/modules/XULStore.jsm, line 66: Error: Can't find profile directory.
1572016721624	Marionette	INFO	Listening on port 54492
1572016721998	Marionette	WARN	TLS certificate errors will be ignored for this session
[Child 2404, Chrome_ChildThread] WARNING: pipe error: 109: file z:/task_1571240440/build/src/ipc/chromium/src/chrome/common/ipc_channel_win.cc, line 341
[Child 2404, Chrome_ChildThread] WARNING: pipe error: 109: file z:/task_1571240440/build/src/ipc/chromium/src/chrome/common/ipc_channel_win.cc, line 341
1572016729369	mozrunner::runner	INFO	Running command: "C:\\Program Files (x86)\\Mozilla Firefox\\firefox.exe" "-marionette" "-foreground" "-no-remote" "-profile" "C:\\Users\\HP\\AppData\\Local\\Temp\\rust_mozprofiletARIib"
1572016730479	addons.webextension.screenshots@mozilla.org	WARN	Loading extension 'screenshots@mozilla.org': Reading manifest: Invalid extension permission: mozillaAddons
1572016730479	addons.webextension.screenshots@mozilla.org	WARN	Loading extension 'screenshots@mozilla.org': Reading manifest: Invalid extension permission: telemetry
1572016730479	addons.webextension.screenshots@mozilla.org	WARN	Loading extension 'screenshots@mozilla.org': Reading manifest: Invalid extension permission: resource://pdf.js/
1572016730480	addons.webextension.screenshots@mozilla.org	WARN	Loading extension 'screenshots@mozilla.org': Reading manifest: Invalid extension permission: about:reader*
JavaScript error: resource://gre/modules/XULStore.jsm, line 66: Error: Can't find profile directory.
1572016735464	Marionette	INFO	Listening on port 54541
1572016735538	Marionette	WARN	TLS certificate errors will be ignored for this session
[Child 14564, Chrome_ChildThread] WARNING: pipe error: 109: file z:/task_1571240440/build/src/ipc/chromium/src/chrome/common/ipc_channel_win.cc, line 341
[Child 14564, Chrome_ChildThread] WARNING: pipe error: 109: file z:/task_1571240440/build/src/ipc/chromium/src/chrome/common/ipc_channel_win.cc, line 341
1572016741641	Marionette	INFO	Stopped listening on port 54541
[Child 592, Chrome_ChildThread] WARNING: pipe error: 109: file z:/task_1571240440/build/src/ipc/chromium/src/chrome/common/ipc_channel_win.cc, line 341
[Child 592, Chrome[Parent 14140, Gecko_IOThread] WARNING: pipe error: 109: file z:/task_1571240440/build/src/ipc/chromium/src/chrome/common/ipc_channel_win.cc, line 341

###!!! [Child][RunMessage] Error: Channel closing: too late to send/recv, messages will be lost

[GPU 4360, Chrome_ChildThread] WARNING: pipe error: 109: file z:/task_157124
###!!! [Child][MessageChannel::SendAndWait] Error: Channel error: cannot send/recv

1572017463665	mozrunner::runner	INFO	Running command: "C:\\Program Files (x86)\\Mozilla Firefox\\firefox.exe" "-marionette" "-foreground" "-no-remote" "-profile" "C:\\Users\\HP\\AppData\\Local\\Temp\\rust_mozprofileTvb8Sb"
1572017466345	addons.webextension.screenshots@mozilla.org	WARN	Loading extension 'screenshots@mozilla.org': Reading manifest: Invalid extension permission: mozillaAddons
1572017466345	addons.webextension.screenshots@mozilla.org	WARN	Loading extension 'screenshots@mozilla.org': Reading manifest: Invalid extension permission: telemetry
1572017466346	addons.webextension.screenshots@mozilla.org	WARN	Loading extension 'screenshots@mozilla.org': Reading manifest: Invalid extension permission: resource://pdf.js/
1572017466346	addons.webextension.screenshots@mozilla.org	WARN	Loading extension 'screenshots@mozilla.org': Reading manifest: Invalid extension permission: about:reader*
JavaScript error: resource://gre/modules/XULStore.jsm, line 66: Error: Can't find profile directory.
1572017472190	Marionette	INFO	Listening on port 54777
1572017472633	Marionette	WARN	TLS certificate errors will be ignored for this session
[Child 7612, Chrome_ChildThread] WARNING: pipe error: 109: file z:/task_1571240440/build/src/ipc/chromium/src/chrome/common/ipc_channel_win.cc, line 341
1572017478943	Marionette	INFO	Stopped listening on port 54777
[GPU 14392, Chrome_ChildThread] 
###!!! [Child][RunMessage] Error: Channel closing: too late to send/recv, messages will be lost

WARNIN
###!!! [Child][MessageChannel::SendAndWait] Error: Channel error: cannot send/recv

1572017681264	mozrunner::runner	INFO	Running command: "C:\\Program Files (x86)\\Mozilla Firefox\\firefox.exe" "-marionette" "-foreground" "-no-remote" "-profile" "C:\\Users\\HP\\AppData\\Local\\Temp\\rust_mozprofileavdINx"
1572017682512	addons.webextension.screenshots@mozilla.org	WARN	Loading extension 'screenshots@mozilla.org': Reading manifest: Invalid extension permission: mozillaAddons
1572017682513	addons.webextension.screenshots@mozilla.org	WARN	Loading extension 'screenshots@mozilla.org': Reading manifest: Invalid extension permission: telemetry
1572017682513	addons.webextension.screenshots@mozilla.org	WARN	Loading extension 'screenshots@mozilla.org': Reading manifest: Invalid extension permission: resource://pdf.js/
1572017682513	addons.webextension.screenshots@mozilla.org	WARN	Loading extension 'screenshots@mozilla.org': Reading manifest: Invalid extension permission: about:reader*
JavaScript error: resource://gre/modules/XULStore.jsm, line 66: Error: Can't find profile directory.
1572017687481	Marionette	INFO	Listening on port 54874
1572017687896	Marionette	WARN	TLS certificate errors will be ignored for this session
[Parent 3944, Gecko_IOThread] WARNING: pipe error: 109: file z:/task_1571240440/build/src/ipc/chromium/src/chrome/common/ipc_channel_win.cc, line 341
[Child 15196, Chrome_ChildThread] WARNING: pipe error: 109: file z:/task_1571240440/build/src/ipc/chromium/src/chrome/common/ipc_channel_win.cc, line 341
[Child 15196, Chrome_ChildThread] WARNING: pipe error: 109: file z:/task_1571240440/build/src/ipc/chromium/src/chrome/common/ipc_channel_win.cc, line 341
1572017696568	Marionette	INFO	Stopped listening on port 54874
[Child 14240, Chrome_ChildThread] WARNING: pipe error: 109: file z:/task_1571240440/build/src/ipc/chromium/src/chrome/common/ipc_channel_win.cc, line 341
[Child 14240, Chrome_ChildThread] WARNING: pipe error: 109: file z:/task_1571240440/build/src/ipc/chromium/src/chrome/common/ipc_channel_win.cc, line 341
[Child 10236, Chrome_ChildThread] WARNING: pipe error: 109: file z:/task_1571240440/build/src/ipc/chromium/src/chrome/common/ipc_channel_win.cc, line 341
[Child 10236, Chrom
###!!! [Child][MessageChannel::SendAndWait] Error: Channel error: cannot send/recv

1572019133308	mozrunner::runner	INFO	Running command: "C:\\Program Files (x86)\\Mozilla Firefox\\firefox.exe" "-marionette" "-foreground" "-no-remote" "-profile" "C:\\Users\\HP\\AppData\\Local\\Temp\\rust_mozprofileD45Bnr"
1572019134403	addons.webextension.screenshots@mozilla.org	WARN	Loading extension 'screenshots@mozilla.org': Reading manifest: Invalid extension permission: mozillaAddons
1572019134403	addons.webextension.screenshots@mozilla.org	WARN	Loading extension 'screenshots@mozilla.org': Reading manifest: Invalid extension permission: telemetry
1572019134404	addons.webextension.screenshots@mozilla.org	WARN	Loading extension 'screenshots@mozilla.org': Reading manifest: Invalid extension permission: resource://pdf.js/
1572019134404	addons.webextension.screenshots@mozilla.org	WARN	Loading extension 'screenshots@mozilla.org': Reading manifest: Invalid extension permission: about:reader*
JavaScript error: resource://gre/modules/XULStore.jsm, line 66: Error: Can't find profile directory.
1572019138650	Marionette	INFO	Listening on port 55269
1572019138821	Marionette	WARN	TLS certificate errors will be ignored for this session
[Parent 3036, Gecko_IOThread] WARNING: pipe error: 109: file z:/task_1571240440/build/src/ipc/chromium/src/chrome/common/ipc_channel_win.cc, line 341
[Child 6676, Chrome_ChildThread] WARNING: pipe error: 109: file z:/task_1571240440/build/src/ipc/chromium/src/chrome/common/ipc_channel_win.cc, line 341
[Child 6676, Chrom1572019141859	Marionette	INFO	Stopped listening on port 55269
[Parent 3036, Gecko_IOThread] WARNING: pipe error: 109: file z:/task_1571240440/build/src/ipc/chromium/src/chrome/common/ipc_channel_win.cc, line 341
[GPU 8236, Chrome_ChildThread] WARNING: pipe error: 109: file z:/task_1
###!!! [Child][RunMessage] Error: Channel closing: too late to send/recv, messages will be lost

571240440/build/src/ip1572019151151	mozrunner::runner	INFO	Running command: "C:\\Program Files (x86)\\Mozilla Firefox\\firefox.exe" "-marionette" "-foreground" "-no-remote" "-profile" "C:\\Users\\HP\\AppData\\Local\\Temp\\rust_mozprofileIcDhcv"
1572019152864	addons.webextension.screenshots@mozilla.org	WARN	Loading extension 'screenshots@mozilla.org': Reading manifest: Invalid extension permission: mozillaAddons
1572019152864	addons.webextension.screenshots@mozilla.org	WARN	Loading extension 'screenshots@mozilla.org': Reading manifest: Invalid extension permission: telemetry
1572019152865	addons.webextension.screenshots@mozilla.org	WARN	Loading extension 'screenshots@mozilla.org': Reading manifest: Invalid extension permission: resource://pdf.js/
1572019152865	addons.webextension.screenshots@mozilla.org	WARN	Loading extension 'screenshots@mozilla.org': Reading manifest: Invalid extension permission: about:reader*
JavaScript error: resource://gre/modules/XULStore.jsm, line 66: Error: Can't find profile directory.
1572019157540	Marionette	INFO	Listening on port 55314
1572019157948	Marionette	WARN	TLS certificate errors will be ignored for this session
[Child 3356, Chrome_ChildThread] WARNING: pipe error: 109: file z:/task_1571240440/build/src/ipc/chromium/src/chrome/comm1572019161154	Marionette	INFO	Stopped listening on port 55314
[Child 8580, Chrome_ChildThread] WARNING: pipe error: 109: file z:/task_1571240440/build/src/ipc/chromium/src/chrome/common/ipc_channel_win.cc, line 341
[Child 8580, Chrome_ChildThread
###!!! [Child][RunMessage] Error: Channel closing: too late to send/recv, messages will be lost

[GPU 3904, Chrome_ChildThread] WARNING: pipe error: 109: file z:/task_157124
###!!! [Child][MessageChannel::SendAndWait] Error: Channel error: cannot send/recv

1572070037695	mozrunner::runner	INFO	Running command: "C:\\Program Files (x86)\\Mozilla Firefox\\firefox.exe" "-marionette" "-foreground" "-no-remote" "-profile" "C:\\Users\\HP\\AppData\\Local\\Temp\\rust_mozprofileyp09Rp"
1572070039463	addons.webextension.screenshots@mozilla.org	WARN	Loading extension 'screenshots@mozilla.org': Reading manifest: Invalid extension permission: mozillaAddons
1572070039464	addons.webextension.screenshots@mozilla.org	WARN	Loading extension 'screenshots@mozilla.org': Reading manifest: Invalid extension permission: telemetry
1572070039464	addons.webextension.screenshots@mozilla.org	WARN	Loading extension 'screenshots@mozilla.org': Reading manifest: Invalid extension permission: resource://pdf.js/
1572070039465	addons.webextension.screenshots@mozilla.org	WARN	Loading extension 'screenshots@mozilla.org': Reading manifest: Invalid extension permission: about:reader*
JavaScript error: resource://gre/modules/XULStore.jsm, line 66: Error: Can't find profile directory.
1572070046925	Marionette	INFO	Listening on port 60054
1572070047595	Marionette	WARN	TLS certificate errors will be ignored for this session
[Child 3544, Chrome_ChildThread] WARNING: pipe error: 109: file z:/task_1571240440/build/src/ipc/chromium/src/chrome/common/ipc_channel_win.cc, line 341
[Child 3544, Chrome_ChildThread] WARNING: pipe error: 109: file z:/task_1571240440/build/src/ipc/chromium/src/chrome/common/ipc_channel_win.cc, line 341
1572070073106	Marionette	INFO	Stopped listening on port 60054
[Child 7680, Chrome_ChildThread] WARNING: pipe error: 109: file z:/task_1571240440/build/src/ipc/chromium/src/chrome/common/ipc_channel_win.cc, line 341
[Child 7680, Chr[Child 12592, Chrome_ChildThread] WARNING: pipe error: 109: file z:/task_1571240440/build/src/ipc/chromium/src/chrome/common/ipc_channel_win.cc, line 341

###!!! [Child][RunMessage] Error: Channel closing: too late to send/recv, messages will be lost

[Child 12592, 
###!!! [Child][RunMessage] Error: Channel closing: too late to send/recv, messages will be lost


###!!! [Child][MessageChannel::SendAndWait] Error: Channel error: cannot send/recv

1572071097049	mozrunner::runner	INFO	Running command: "C:\\Program Files (x86)\\Mozilla Firefox\\firefox.exe" "-marionette" "-foreground" "-no-remote" "-profile" "C:\\Users\\HP\\AppData\\Local\\Temp\\rust_mozprofilewFOJ9b"
1572071099156	addons.webextension.screenshots@mozilla.org	WARN	Loading extension 'screenshots@mozilla.org': Reading manifest: Invalid extension permission: mozillaAddons
1572071099156	addons.webextension.screenshots@mozilla.org	WARN	Loading extension 'screenshots@mozilla.org': Reading manifest: Invalid extension permission: telemetry
1572071099157	addons.webextension.screenshots@mozilla.org	WARN	Loading extension 'screenshots@mozilla.org': Reading manifest: Invalid extension permission: resource://pdf.js/
1572071099157	addons.webextension.screenshots@mozilla.org	WARN	Loading extension 'screenshots@mozilla.org': Reading manifest: Invalid extension permission: about:reader*
JavaScript error: resource://gre/modules/XULStore.jsm, line 66: Error: Can't find profile directory.
1572071105883	Marionette	INFO	Listening on port 60408
1572071106178	Marionette	WARN	TLS certificate errors will be ignored for this session
[Child 5192, Chrome_ChildThread] WARNING: pipe error: 109: file z:/task_1571240440/build/src/ipc/chromium/src/chrome/common/ipc_channel_win.cc, line 341

###!!! [Child][RunMessage] Error: Channel closing: too late to send/recv, messages will be lost

[Child 5192, Chrome_ChildThread] WARNING: pipe error: 109: file z:/task_1571240440/build/src/ipc/chromium/src/chrome/common/ipc_channel_win.cc, line 341
1572071113198	Marionette	INFO	Stopped listening on port 60408
[Parent 10508, Gecko_IOThread] WARNING: pipe error: 109: file z:/task_1571240440/build/src/ipc/chromium/src/chrome/common/ipc_channel_win.cc, line 341
[Child 15168, Chrome_ChildThread] WARNING: pipe error: 109: file z:/task_1571240440/build/src/ipc/chromium/src/chrome/common/ipc_channel_win.cc, line 341
[Chi[Child 13712, Chrome_ChildThread] WARNING: pipe error: 109: file z:/task_1571240440/build/src/ipc/chromium/src/chrome/common/ipc_channel_win.cc, line 341
[GPU 80
###!!! [Child][RunMessage] Error: Channel closing: too late to send/recv, messages will be lost

76, Chrome_ChildThread] WARN
###!!! [Child][MessageChannel::SendAndWait] Error: Channel error: cannot send/recv

1572071144780	mozrunner::runner	INFO	Running command: "C:\\Program Files (x86)\\Mozilla Firefox\\firefox.exe" "-marionette" "-foreground" "-no-remote" "-profile" "C:\\Users\\HP\\AppData\\Local\\Temp\\rust_mozprofileeYw6fB"
1572071147488	addons.webextension.screenshots@mozilla.org	WARN	Loading extension 'screenshots@mozilla.org': Reading manifest: Invalid extension permission: mozillaAddons
1572071147489	addons.webextension.screenshots@mozilla.org	WARN	Loading extension 'screenshots@mozilla.org': Reading manifest: Invalid extension permission: telemetry
1572071147489	addons.webextension.screenshots@mozilla.org	WARN	Loading extension 'screenshots@mozilla.org': Reading manifest: Invalid extension permission: resource://pdf.js/
1572071147490	addons.webextension.screenshots@mozilla.org	WARN	Loading extension 'screenshots@mozilla.org': Reading manifest: Invalid extension permission: about:reader*
JavaScript error: resource://gre/modules/XULStore.jsm, line 66: Error: Can't find profile directory.
1572071153457	Marionette	INFO	Listening on port 60467
1572071153879	Marionette	WARN	TLS certificate errors will be ignored for this session
[Child 5552, Chrome_ChildThread] WARNING: pipe error: 109: file z:/task_1571240440/build/src/ipc/chromium/src/chrome/common/ipc_channel_win.cc, line 341
[Chil1572071160331	Marionette	INFO	Stopped listening on port 60467

###!!! [Child][RunMessage] Error: Channel closing: too late to send/recv, messages will be lost


###!!! [Child][MessageChannel::SendAndWait] Error: Channel error: cannot send/recv

1572071172998	mozrunner::runner	INFO	Running command: "C:\\Program Files (x86)\\Mozilla Firefox\\firefox.exe" "-marionette" "-foreground" "-no-remote" "-profile" "C:\\Users\\HP\\AppData\\Local\\Temp\\rust_mozprofile3c4wQj"
1572071174582	addons.webextension.screenshots@mozilla.org	WARN	Loading extension 'screenshots@mozilla.org': Reading manifest: Invalid extension permission: mozillaAddons
1572071174582	addons.webextension.screenshots@mozilla.org	WARN	Loading extension 'screenshots@mozilla.org': Reading manifest: Invalid extension permission: telemetry
1572071174583	addons.webextension.screenshots@mozilla.org	WARN	Loading extension 'screenshots@mozilla.org': Reading manifest: Invalid extension permission: resource://pdf.js/
1572071174583	addons.webextension.screenshots@mozilla.org	WARN	Loading extension 'screenshots@mozilla.org': Reading manifest: Invalid extension permission: about:reader*
JavaScript error: resource://gre/modules/XULStore.jsm, line 66: Error: Can't find profile directory.
1572071179845	Marionette	INFO	Listening on port 60520
1572071180335	Marionette	WARN	TLS certificate errors will be ignored for this session
[Child 14100, Chrome_ChildThread] WARNING: pipe error: 109: file z:/task_1571240440/build/src/ipc/chromium/src/chrome/common/ipc_channel_win.cc, line 341
1572071186926	Marionette	INFO	Stopped listening on port 60520
[Child 9668, Chrome_ChildThread] WARNING: pipe error: 109: file z:/task_1571240440/build/src/ipc/chromium/src/chrome/common/ipc_channel_win.cc, line 341
[Child 9668, Chrome_ChildThread] WARNING: pipe error: 109: file z:/task_1571240440/build/src/ipc/chromium/src/chrome/common/ipc_channel_win.cc, line 341
[Child 8996, Chrome_ChildThread] WARNING: pipe error: 109: file z:/task_1571240440/build/src/ipc/chromium/src/chrome/common/ipc_channel_win.cc, line 341

###!!! [Child][MessageChannel::SendAndWait] Error: Channel error: cannot send/recv

1572071814211	mozrunner::runner	INFO	Running command: "C:\\Program Files (x86)\\Mozilla Firefox\\firefox.exe" "-marionette" "-foreground" "-no-remote" "-profile" "C:\\Users\\HP\\AppData\\Local\\Temp\\rust_mozprofile83C9vm"
1572071816098	addons.webextension.screenshots@mozilla.org	WARN	Loading extension 'screenshots@mozilla.org': Reading manifest: Invalid extension permission: mozillaAddons
1572071816099	addons.webextension.screenshots@mozilla.org	WARN	Loading extension 'screenshots@mozilla.org': Reading manifest: Invalid extension permission: telemetry
1572071816101	addons.webextension.screenshots@mozilla.org	WARN	Loading extension 'screenshots@mozilla.org': Reading manifest: Invalid extension permission: resource://pdf.js/
1572071816101	addons.webextension.screenshots@mozilla.org	WARN	Loading extension 'screenshots@mozilla.org': Reading manifest: Invalid extension permission: about:reader*
JavaScript error: resource://gre/modules/XULStore.jsm, line 66: Error: Can't find profile directory.
1572071823567	Marionette	INFO	Listening on port 60727
1572071824115	Marionette	WARN	TLS certificate errors will be ignored for this session
[Child 2940, Chrome_ChildThread] WARNING: pipe error: 109: file z:/task_1571240440/build/src/ipc/chromium/src/chrome/common/ipc_channel_win.cc, line 341
[Child 2940, Chrome_ChildThread] WARNING: pipe error: 109: file z:/task_1571240440/build/src/ipc/chromium/src/chrome/common/ipc_channel_win.cc, line 341
1572071829123	Marionette	INFO	Stopped listening on port 60727
[Child 13748, Chrome_ChildThread] WARNING: pipe error: 109: file z:/task_1571240440/build/src/ipc/chromium/src/chrome/common/ipc_channel_win.cc, line 341
[Child 13748, Chrome_ChildThread] WARNING: pipe error: 109: file z:/task_1571240440/build/src/ipc/chromium/src/chrome/common/ipc_channel_win.cc, line 341
[
###!!! [Child][RunMessage] Error: Channel closing: too late to send/recv, messages will be lost

GPU 9968, Chrome_ChildThread] W1572072858469	mozrunner::runner	INFO	Running command: "C:\\Program Files (x86)\\Mozilla Firefox\\firefox.exe" "-marionette" "-foreground" "-no-remote" "-profile" "C:\\Users\\HP\\AppData\\Local\\Temp\\rust_mozprofileG7259M"
1572072860527	addons.webextension.screenshots@mozilla.org	WARN	Loading extension 'screenshots@mozilla.org': Reading manifest: Invalid extension permission: mozillaAddons
1572072860528	addons.webextension.screenshots@mozilla.org	WARN	Loading extension 'screenshots@mozilla.org': Reading manifest: Invalid extension permission: telemetry
1572072860529	addons.webextension.screenshots@mozilla.org	WARN	Loading extension 'screenshots@mozilla.org': Reading manifest: Invalid extension permission: resource://pdf.js/
1572072860529	addons.webextension.screenshots@mozilla.org	WARN	Loading extension 'screenshots@mozilla.org': Reading manifest: Invalid extension permission: about:reader*
JavaScript error: resource://gre/modules/XULStore.jsm, line 66: Error: Can't find profile directory.
1572072866729	Marionette	INFO	Listening on port 61008
1572072866995	Marionette	WARN	TLS certificate errors will be ignored for this session
[Child 3468, Chrome_ChildThread] WARNING: pipe error: 109: file z:/task_1571240440/build/src/ipc/chromium/src/chrome/common/ipc_channel_win.cc, line 341
[Child 3468, Chrome_ChildThread] WARNING: pipe error: 109: file z:/task_1571240440/build/src/ipc/chromium/src/chrome/common/ipc_channel_win.cc, line 341
1572072873898	Marionette	INFO	Stopped listening on port 61008
[GPU 14632, Chrome
###!!! [Child][RunMessage] Error: Channel closing: too late to send/recv, messages will be lost

_ChildThread]
###!!! [Child][MessageChannel::SendAndWait] Error: Channel error: cannot send/recv

1572072975367	mozrunner::runner	INFO	Running command: "C:\\Program Files (x86)\\Mozilla Firefox\\firefox.exe" "-marionette" "-foreground" "-no-remote" "-profile" "C:\\Users\\HP\\AppData\\Local\\Temp\\rust_mozprofiledi32Px"
1572072977314	addons.webextension.screenshots@mozilla.org	WARN	Loading extension 'screenshots@mozilla.org': Reading manifest: Invalid extension permission: mozillaAddons
1572072977315	addons.webextension.screenshots@mozilla.org	WARN	Loading extension 'screenshots@mozilla.org': Reading manifest: Invalid extension permission: telemetry
1572072977315	addons.webextension.screenshots@mozilla.org	WARN	Loading extension 'screenshots@mozilla.org': Reading manifest: Invalid extension permission: resource://pdf.js/
1572072977315	addons.webextension.screenshots@mozilla.org	WARN	Loading extension 'screenshots@mozilla.org': Reading manifest: Invalid extension permission: about:reader*
JavaScript error: resource://gre/modules/XULStore.jsm, line 66: Error: Can't find profile directory.
1572072983753	Marionette	INFO	Listening on port 61079
1572072984068	Marionette	WARN	TLS certificate errors will be ignored for this session
[Child 15124, Chrome_ChildThread] WARNING: pipe error: 109: file z:/task_1571240440/build/src/ipc/chromium/src/chrome/common/ipc_channel_win.cc, line 341
[Child 15124, Chro[Parent 5288, Gecko_IOThread] WARNING: file z:/task_1571240440/build/src/ipc/chromium/src/base/process_util_win.cc, line 160
1572076744437	Marionette	INFO	Stopped listening on port 61079
[GPU 13016, Chrome_ChildThread] W
###!!! [Child][MessageChannel::SendAndWait] Error: Channel error: cannot send/recv

nshots@mozilla.org': Reading manifest: Invalid extension permission: mozillaAddons
1572073381557	addons.webextension.screenshots@mozilla.org	WARN	Loading extension 'screenshots@mozilla.org': Reading manifest: Invalid extension permission: telemetry
1572073381557	addons.webextension.screenshots@mozilla.org	WARN	Loading extension 'screenshots@mozilla.org': Reading manifest: Invalid extension permission: resource://pdf.js/
1572073381558	addons.webextension.screenshots@mozilla.org	WARN	Loading extension 'screenshots@mozilla.org': Reading manifest: Invalid extension permission: about:reader*
JavaScript error: resource://gre/modules/XULStore.jsm, line 66: Error: Can't find profile directory.
1572073389067	Marionette	INFO	Listening on port 61214
1572073389485	Marionette	WARN	TLS certificate errors will be ignored for this session
[Child 10928, Chrome_ChildThread] WARNING: pipe error: 109: file z:/task_1571240440/build/src/ipc/chromium/src/chrome/common/ipc_channel_win.cc, line 341
[Child 10928, Chrome_ChildThread] WARNING: pipe error: 109: file z:/task_1571240440/build/src/ipc/chromium/src/chrome/common/ipc_channel_win.cc, line 341
[Child 13776, Chrome_ChildThread] WARNING: pipe error: 109: file z:/task_1571240440/build/src/ipc/chromium/src/chrome/common/ipc_channel_win.cc, line 341
[Parent 3648, Gecko_IOThread] WARNING: pipe error: 109: file z:/task_1571240440/build/src/ipc/chromium/src/chrome/common/ipc_channel_win.cc, line 341
[Child 10112, Chrome_ChildThread] WARNING: pipe error: 109: file z:/task_1571240440/build/src/ipc/chromium/src/chrome/common[Child 13916, Chrome_ChildThread] WARNING: pipe error: 109: file z:/task_1571240440/build/src/ipc/chromium/src/chrome/common/ipc_channel_win.cc, line 341
/ipc_channel_win.cc, line 341
[Child 139[Child 10112, Chrome_ChildThread] WARNI1NG: pipe error: 109: file z:/task_1571264, Chrome_ChildThread] WARNING: pipe error: 109: file z:/task_1571240440/build/src/ipc/chromiu0440/build/src/ipc/chromium/src/chrome/common/ipc_channel_win.cc, line 341m
/src/chrome/common/ipc_channel_win.cc, line 341
1572076741332	Marionette	INFO	Stopped listening on port 61214

###!!! [Child][MessageChannel::SendAndWait] Error: Channel error: cannot send/recv

